
BookCommentモデルのテスト
  バリデーションのテスト
    commentカラム
      空欄でないこと
  アソシエーションのテスト
    Bookモデルとの関係
      N:1となっている
    Userモデルとの関係
      N:1となっている

Bookモデルのテスト
  バリデーションのテスト
    titleカラム
      空欄でないこと
    bodyカラム
      空欄でないこと
      200文字以下であること: 200文字は〇
      200文字以下であること: 201文字は×
  アソシエーションのテスト
    Userモデルとの関係
      N:1となっている

Favoriteモデルのテスト
  バリデーションのテスト
    ユーザーは一つの投稿に一つしかいいねできない (FAILED - 1)
  アソシエーションのテスト
    Bookモデルとの関係
      N:1となっている
    Userモデルとの関係
      N:1となっている

Userモデルのテスト
  バリデーションのテスト
    nameカラム
      空欄でないこと
      2文字以上であること: 1文字は×
      2文字以上であること: 2文字は〇
      20文字以下であること: 20文字は〇
      20文字以下であること: 21文字は×
      一意性があること
    introductionカラム
      50文字以下であること: 50文字は〇
      50文字以下であること: 51文字は×
  アソシエーションのテスト
    Bookモデルとの関係
      1:Nとなっている

[STEP1] ユーザログイン前のテスト
  トップ画面のテスト
    表示内容の確認
      URLが正しい
      Log inリンクが表示される: 左上から5番目のリンクが「Log in」である
      Log inリンクの内容が正しい
      Sign upリンクが表示される: 左上から6番目のリンクが「Sign up」である
      Sign upリンクの内容が正しい
  アバウト画面のテスト
    表示内容の確認
      URLが正しい
  ヘッダーのテスト: ログインしていない場合
    表示内容の確認
      タイトルが表示される
      Homeリンクが表示される: 左上から1番目のリンクが「Home」である
      Aboutリンクが表示される: 左上から2番目のリンクが「About」である
      Sign upリンクが表示される: 左上から3番目のリンクが「Sign up」である
      Log inリンクが表示される: 左上から4番目のリンクが「Log in」である
    リンクの内容を確認
      Homeを押すと、トップ画面に遷移する
      Aboutを押すと、アバウト画面に遷移する
      Sign upを押すと、新規登録画面に遷移する
      Log inを押すと、ログイン画面に遷移する
  ユーザ新規登録のテスト
    表示内容の確認
      URLが正しい
      「Sign up」と表示される
      nameフォームが表示される
      emailフォームが表示される
      passwordフォームが表示される
      password_confirmationフォームが表示される
      Sign upボタンが表示される
    新規登録成功のテスト
      正しく新規登録される
      新規登録後のリダイレクト先が、新規登録できたユーザの詳細画面になっている
  ユーザログイン
    表示内容の確認
      URLが正しい
      「Log in」と表示される
      nameフォームが表示される
      passwordフォームが表示される
      Log inボタンが表示される
      emailフォームは表示されない
    ログイン成功のテスト
      ログイン後のリダイレクト先が、ログインしたユーザの詳細画面になっている
    ログイン失敗のテスト
      ログインに失敗し、ログイン画面にリダイレクトされる
  ヘッダーのテスト: ログインしている場合
    ヘッダーの表示を確認
      タイトルが表示される
      Homeリンクが表示される: 左上から1番目のリンクが「Home」である
      Usersリンクが表示される: 左上から2番目のリンクが「Users」である
      Booksリンクが表示される: 左上から3番目のリンクが「Books」である
      Log outリンクが表示される: 左上から4番目のリンクが「Log out」である
  ユーザログアウトのテスト
    ログアウト機能のテスト
      正しくログアウトできている: ログアウト後のリダイレクト先においてAbout画面へのリンクが存在する
      ログアウト後のリダイレクト先が、トップになっている

[STEP2] ユーザログイン後のテスト
  ヘッダーのテスト: ログインしている場合
    リンクの内容を確認: ※logoutは『ユーザログアウトのテスト』でテスト済みになります。
      Homeを押すと、自分のユーザ詳細画面に遷移する
      Usersを押すと、ユーザ一覧画面に遷移する
      Booksを押すと、投稿一覧画面に遷移する
  投稿一覧画面のテスト
    表示内容の確認
      URLが正しい
      自分と他人の画像のリンク先が正しい
      自分の投稿と他人の投稿のタイトルのリンク先がそれぞれ正しい
      自分の投稿と他人の投稿のオピニオンが表示される
    サイドバーの確認
      自分の名前と紹介文が表示される
      自分のユーザ編集画面へのリンクが存在する
      「New book」と表示される
      titleフォームが表示される
      titleフォームに値が入っていない
      opinionフォームが表示される
      opinionフォームに値が入っていない
      Create Bookボタンが表示される
    投稿成功のテスト
      自分の新しい投稿が正しく保存される
      リダイレクト先が、保存できた投稿の詳細画面になっている
  自分の投稿詳細画面のテスト
    表示内容の確認
      URLが正しい
      「Book detail」と表示される
      ユーザ画像・名前のリンク先が正しい
      投稿のtitleが表示される
      投稿のopinionが表示される
      投稿の編集リンクが表示される
      投稿の削除リンクが表示される
    サイドバーの確認
      自分の名前と紹介文が表示される
      自分のユーザ編集画面へのリンクが存在する
      「New book」と表示される
      titleフォームが表示される
      titleフォームに値が入っていない
      opinionフォームが表示される
      opinionフォームに値が入っていない
      Create Bookボタンが表示される
    投稿成功のテスト
      自分の新しい投稿が正しく保存される
    編集リンクのテスト
      編集画面に遷移する
    削除リンクのテスト
      正しく削除される
      リダイレクト先が、投稿一覧画面になっている
  自分の投稿編集画面のテスト
    表示の確認
      URLが正しい
      「Editing Book」と表示される
      title編集フォームが表示される
      opinion編集フォームが表示される
      Update Bookボタンが表示される
      Showリンクが表示される
      Backリンクが表示される
    編集成功のテスト
      titleが正しく更新される
      bodyが正しく更新される
      リダイレクト先が、更新した投稿の詳細画面になっている
  ユーザ一覧画面のテスト
    表示内容の確認
      URLが正しい
      自分と他人の画像が表示される: fallbackの画像がサイドバーの1つ＋一覧(2人)の2つの計3つ存在する
      自分と他人の名前がそれぞれ表示される
      自分と他人のshowリンクがそれぞれ表示される
    サイドバーの確認
      自分の名前と紹介文が表示される
      自分のユーザ編集画面へのリンクが存在する
      「New book」と表示される
      titleフォームが表示される
      titleフォームに値が入っていない
      opinionフォームが表示される
      opinionフォームに値が入っていない
      Create Bookボタンが表示される
  自分のユーザ詳細画面のテスト
    表示の確認
      URLが正しい
      投稿一覧のユーザ画像のリンク先が正しい
      投稿一覧に自分の投稿のtitleが表示され、リンクが正しい
      投稿一覧に自分の投稿のopinionが表示される
      他人の投稿は表示されない
    サイドバーの確認
      自分の名前と紹介文が表示される
      自分のユーザ編集画面へのリンクが存在する
      「New book」と表示される
      titleフォームが表示される
      titleフォームに値が入っていない
      opinionフォームが表示される
      opinionフォームに値が入っていない
      Create Bookボタンが表示される
  自分のユーザ情報編集画面のテスト
    表示の確認
      URLが正しい
      名前編集フォームに自分の名前が表示される
      画像編集フォームが表示される
      自己紹介編集フォームに自分の自己紹介文が表示される
      Update Userボタンが表示される
    更新成功のテスト
      nameが正しく更新される
      introductionが正しく更新される
      リダイレクト先が、自分のユーザ詳細画面になっている

[STEP3] 仕上げのテスト
  サクセスメッセージのテスト
    ユーザ新規登録成功時
    ユーザログイン成功時
    ユーザログアウト成功時
    ユーザのプロフィール情報更新成功時
    投稿データの新規投稿成功時: 投稿一覧画面から行います。
    投稿データの更新成功時
  処理失敗時のテスト
    ユーザ新規登録失敗: nameを1文字にする
      新規登録されない
      新規登録画面を表示しており、フォームの内容が正しい
      バリデーションエラーが表示される
    ユーザのプロフィール情報編集失敗: nameを1文字にする
      更新されない
      ユーザ編集画面を表示しており、フォームの内容が正しい
      バリデーションエラーが表示される
    投稿データの新規投稿失敗: 投稿一覧画面から行い、titleを空にする
      投稿が保存されない
      投稿一覧画面を表示している
      新規投稿フォームの内容が正しい
      バリデーションエラーが表示される
    投稿データの更新失敗: titleを空にする
      投稿が更新されない
      投稿編集画面を表示しており、フォームの内容が正しい
      エラーメッセージが表示される
  ログインしていない場合のアクセス制限のテスト: アクセスできず、ログイン画面に遷移する
    ユーザ一覧画面
    ユーザ詳細画面
    ユーザ情報編集画面
    投稿一覧画面
    投稿詳細画面
    投稿編集画面
  他人の画面のテスト
    他人の投稿詳細画面のテスト
      表示内容の確認
        URLが正しい
        「Book detail」と表示される
        ユーザ画像・名前のリンク先が正しい
        投稿のtitleが表示される (FAILED - 2)
        投稿のopinionが表示される
        投稿の編集リンクが表示されない
        投稿の削除リンクが表示されない
      サイドバーの確認
        他人の名前と紹介文が表示される
        他人のユーザ編集画面へのリンクが存在する
        自分の名前と紹介文は表示されない
        自分のユーザ編集画面へのリンクは存在しない
    他人の投稿編集画面
      遷移できず、投稿一覧画面にリダイレクトされる
    他人のユーザ詳細画面のテスト
      表示の確認
        URLが正しい
        投稿一覧のユーザ画像のリンク先が正しい
        投稿一覧に他人の投稿のtitleが表示され、リンクが正しい
        投稿一覧に他人の投稿のopinionが表示される
        自分の投稿は表示されない
      サイドバーの確認
        他人の名前と紹介文が表示される
        他人のユーザ編集画面へのリンクが存在する
        自分の名前と紹介文は表示されない
        自分のユーザ編集画面へのリンクは存在しない
    他人のユーザ情報編集画面
      遷移できず、自分のユーザ詳細画面にリダイレクトされる
  グリッドシステムのテスト: container, row, col-md-〇を正しく使えている
    ユーザ一覧画面
    ユーザ詳細画面
    投稿一覧画面
    投稿詳細画面
  アイコンのテスト
    トップ画面
      本のアイコンが表示される
    アバウト画面
      本のアイコンが表示される
    ヘッダー: ログインしていない場合
      Homeリンクのアイコンが表示される
      Aboutリンクのアイコンが表示される
      Sign upリンクのアイコンが表示される
      Log inリンクのアイコンが表示される
    ヘッダー: ログインしている場合
      Homeリンクのアイコンが表示される
      Usersリンクのアイコンが表示される
      Booksリンクのアイコンが表示される
      Log outリンクのアイコンが表示される
    サイドバー
      ユーザ一覧画面でレンチアイコンが表示される
      ユーザ詳細画面でレンチアイコンが表示される
      投稿一覧画面でレンチアイコンが表示される
      投稿詳細画面でレンチアイコンが表示される

[STEP4] いいねとコメントのテスト
  投稿一覧画面のテスト[課題4追加分]
    表示の確認
      いいねボタンのハートアイコンが表示される (FAILED - 3)
      いいねボタンが表示される (FAILED - 4)
      コメント数が表示される
    いいね作成機能のテスト
      自分のいいねが正しく保存される (FAILED - 5)
      リダイレクト先が投稿一覧画面になっている (FAILED - 6)
      リダイレクト先でいいね数が正しく更新されている (FAILED - 7)
    いいね削除機能のテスト
      自分のいいねが正しく削除される (FAILED - 8)
      リダイレクト先が投稿一覧画面になっている (FAILED - 9)
      リダイレクト先でいいね数が正しく更新されている (FAILED - 10)
  自分の投稿詳細画面のテスト[課題4追加分]
    表示の確認
      いいねボタンのハートアイコンが表示される (FAILED - 11)
      いいねボタンが表示される
      コメント数が表示される
      コメント一覧でコメント投稿者の画像が表示される: fallbackの画像がサイドバーの1つ＋Book detail直下の1つ＋コメント一覧(2人)の2つの計4つ存在する (FAILED - 12)
      コメント一覧でコメント投稿者の名前が表示される (FAILED - 13)
      コメント一覧でコメントの内容が表示される
      自分が投稿したコメントの削除ボタンが表示される (FAILED - 14)
      他人が投稿したコメントの削除ボタンは表示されない
      コメント投稿フォームが表示される
      送信ボタンが表示される
    いいね機能のテスト
      自分のいいねが正しく保存される
      リダイレクト先が、いいねをした投稿詳細画面になっている
      リダイレクト先でいいね数が正しく更新されている
    コメント追加機能のテスト
      自分のコメントが正しく保存される
      リダイレクト先が、コメントをした投稿詳細画面になっている
      リダイレクト先でコメント数が正しく更新されている
      リダイレクト先で新しいコメントが表示されている (FAILED - 15)
    コメント削除機能のテスト
      自分のコメントが正しく削除される (FAILED - 16)
      リダイレクト先が、コメントをしていた投稿詳細画面になっている (FAILED - 17)
      リダイレクト先でコメント数が正しく更新されている (FAILED - 18)
      リダイレクト先で削除したコメントは表示されない (FAILED - 19)
  自分のユーザ詳細画面のテスト[課題4追加分]
    表示の確認
      いいねボタンのハートアイコンが表示される (FAILED - 20)
      いいねボタンが表示される (FAILED - 21)
      コメント数が表示される
    いいね作成機能のテスト
      自分のいいねが正しく保存される (FAILED - 22)
      リダイレクト先が自分のユーザ詳細画面になっている (FAILED - 23)
      リダイレクト先でいいね数が正しく更新されている (FAILED - 24)

Failures:

  1) Favoriteモデルのテスト バリデーションのテスト ユーザーは一つの投稿に一つしかいいねできない
     Failure/Error: is_expected.to eq false

       expected: false
            got: true

       (compared using ==)

       Diff:
       @@ -1 +1 @@
       -false
       +true
     # ./spec/models/favorite_spec.rb:13:in `block (3 levels) in <main>'

  2) [STEP3] 仕上げのテスト 他人の画面のテスト 他人の投稿詳細画面のテスト 表示内容の確認 投稿のtitleが表示される
     Failure/Error: let!(:other_user) { create(:user) }

     ActiveRecord::StatementInvalid:
       SQLite3::BusyException: database is locked
     # /home/ec2-user/.rvm/gems/ruby-3.1.2/gems/sqlite3-1.5.4-x86_64-linux/lib/sqlite3/statement.rb:108:in `step'
     # /home/ec2-user/.rvm/gems/ruby-3.1.2/gems/sqlite3-1.5.4-x86_64-linux/lib/sqlite3/statement.rb:108:in `block in each'
     # /home/ec2-user/.rvm/gems/ruby-3.1.2/gems/sqlite3-1.5.4-x86_64-linux/lib/sqlite3/statement.rb:107:in `loop'
     # /home/ec2-user/.rvm/gems/ruby-3.1.2/gems/sqlite3-1.5.4-x86_64-linux/lib/sqlite3/statement.rb:107:in `each'
     # /home/ec2-user/.rvm/gems/ruby-3.1.2/gems/factory_bot-6.2.1/lib/factory_bot/evaluation.rb:18:in `create'
     # /home/ec2-user/.rvm/gems/ruby-3.1.2/gems/factory_bot-6.2.1/lib/factory_bot/strategy/create.rb:12:in `block in result'
     # /home/ec2-user/.rvm/gems/ruby-3.1.2/gems/factory_bot-6.2.1/lib/factory_bot/strategy/create.rb:9:in `result'
     # /home/ec2-user/.rvm/gems/ruby-3.1.2/gems/factory_bot-6.2.1/lib/factory_bot/factory.rb:43:in `run'
     # /home/ec2-user/.rvm/gems/ruby-3.1.2/gems/factory_bot-6.2.1/lib/factory_bot/factory_runner.rb:29:in `block in run'
     # /home/ec2-user/.rvm/gems/ruby-3.1.2/gems/factory_bot-6.2.1/lib/factory_bot/factory_runner.rb:28:in `run'
     # /home/ec2-user/.rvm/gems/ruby-3.1.2/gems/factory_bot-6.2.1/lib/factory_bot/strategy_syntax_method_registrar.rb:28:in `block in define_singular_strategy_method'
     # ./spec/system/03_finishing_touches_spec.rb:5:in `block (2 levels) in <main>'
     # ------------------
     # --- Caused by: ---
     # SQLite3::BusyException:
     #   database is locked
     #   /home/ec2-user/.rvm/gems/ruby-3.1.2/gems/sqlite3-1.5.4-x86_64-linux/lib/sqlite3/statement.rb:108:in `step'

  3) [STEP4] いいねとコメントのテスト 投稿一覧画面のテスト[課題4追加分] 表示の確認 いいねボタンのハートアイコンが表示される
     Failure/Error: expect(page).to have_selector('.fa-heart')
       expected to find css ".fa-heart" but there were no matches
     # ./spec/system/04_favorite_comment_spec.rb:25:in `block (4 levels) in <main>'

  4) [STEP4] いいねとコメントのテスト 投稿一覧画面のテスト[課題4追加分] 表示の確認 いいねボタンが表示される
     Failure/Error: expect(page).to have_link '', href: book_favorites_path(book)
       expected to find link "" with href "/books/1/favorites" but there were no matches
     # ./spec/system/04_favorite_comment_spec.rb:28:in `block (4 levels) in <main>'

  5) [STEP4] いいねとコメントのテスト 投稿一覧画面のテスト[課題4追加分] いいね作成機能のテスト 自分のいいねが正しく保存される
     Failure/Error: expect { click_link '', href: book_favorites_path(book) }.to change(user.favorites, :count).by(1)

     Capybara::ElementNotFound:
       Unable to find link "" with href "/books/1/favorites"
     # /home/ec2-user/.rvm/gems/ruby-3.1.2/gems/capybara-3.38.0/lib/capybara/node/finders.rb:310:in `block in synced_resolve'
     # /home/ec2-user/.rvm/gems/ruby-3.1.2/gems/capybara-3.38.0/lib/capybara/node/base.rb:84:in `synchronize'
     # /home/ec2-user/.rvm/gems/ruby-3.1.2/gems/capybara-3.38.0/lib/capybara/node/finders.rb:299:in `synced_resolve'
     # /home/ec2-user/.rvm/gems/ruby-3.1.2/gems/capybara-3.38.0/lib/capybara/node/finders.rb:60:in `find'
     # /home/ec2-user/.rvm/gems/ruby-3.1.2/gems/capybara-3.38.0/lib/capybara/node/actions.rb:42:in `click_link'
     # /home/ec2-user/.rvm/gems/ruby-3.1.2/gems/capybara-3.38.0/lib/capybara/session.rb:773:in `click_link'
     # /home/ec2-user/.rvm/gems/ruby-3.1.2/gems/capybara-3.38.0/lib/capybara/dsl.rb:52:in `call'
     # /home/ec2-user/.rvm/gems/ruby-3.1.2/gems/capybara-3.38.0/lib/capybara/dsl.rb:52:in `click_link'
     # ./spec/system/04_favorite_comment_spec.rb:38:in `block (5 levels) in <main>'
     # ./spec/system/04_favorite_comment_spec.rb:38:in `block (4 levels) in <main>'

  6) [STEP4] いいねとコメントのテスト 投稿一覧画面のテスト[課題4追加分] いいね作成機能のテスト リダイレクト先が投稿一覧画面になっている
     Failure/Error: click_link '', href: book_favorites_path(book)

     Capybara::ElementNotFound:
       Unable to find link "" with href "/books/1/favorites"
     # /home/ec2-user/.rvm/gems/ruby-3.1.2/gems/capybara-3.38.0/lib/capybara/node/finders.rb:310:in `block in synced_resolve'
     # /home/ec2-user/.rvm/gems/ruby-3.1.2/gems/capybara-3.38.0/lib/capybara/node/base.rb:84:in `synchronize'
     # /home/ec2-user/.rvm/gems/ruby-3.1.2/gems/capybara-3.38.0/lib/capybara/node/finders.rb:299:in `synced_resolve'
     # /home/ec2-user/.rvm/gems/ruby-3.1.2/gems/capybara-3.38.0/lib/capybara/node/finders.rb:60:in `find'
     # /home/ec2-user/.rvm/gems/ruby-3.1.2/gems/capybara-3.38.0/lib/capybara/node/actions.rb:42:in `click_link'
     # /home/ec2-user/.rvm/gems/ruby-3.1.2/gems/capybara-3.38.0/lib/capybara/session.rb:773:in `click_link'
     # /home/ec2-user/.rvm/gems/ruby-3.1.2/gems/capybara-3.38.0/lib/capybara/dsl.rb:52:in `call'
     # /home/ec2-user/.rvm/gems/ruby-3.1.2/gems/capybara-3.38.0/lib/capybara/dsl.rb:52:in `click_link'
     # ./spec/system/04_favorite_comment_spec.rb:41:in `block (4 levels) in <main>'

  7) [STEP4] いいねとコメントのテスト 投稿一覧画面のテスト[課題4追加分] いいね作成機能のテスト リダイレクト先でいいね数が正しく更新されている
     Failure/Error: click_link '', href: book_favorites_path(book)

     Capybara::ElementNotFound:
       Unable to find link "" with href "/books/1/favorites"
     # /home/ec2-user/.rvm/gems/ruby-3.1.2/gems/capybara-3.38.0/lib/capybara/node/finders.rb:310:in `block in synced_resolve'
     # /home/ec2-user/.rvm/gems/ruby-3.1.2/gems/capybara-3.38.0/lib/capybara/node/base.rb:84:in `synchronize'
     # /home/ec2-user/.rvm/gems/ruby-3.1.2/gems/capybara-3.38.0/lib/capybara/node/finders.rb:299:in `synced_resolve'
     # /home/ec2-user/.rvm/gems/ruby-3.1.2/gems/capybara-3.38.0/lib/capybara/node/finders.rb:60:in `find'
     # /home/ec2-user/.rvm/gems/ruby-3.1.2/gems/capybara-3.38.0/lib/capybara/node/actions.rb:42:in `click_link'
     # /home/ec2-user/.rvm/gems/ruby-3.1.2/gems/capybara-3.38.0/lib/capybara/session.rb:773:in `click_link'
     # /home/ec2-user/.rvm/gems/ruby-3.1.2/gems/capybara-3.38.0/lib/capybara/dsl.rb:52:in `call'
     # /home/ec2-user/.rvm/gems/ruby-3.1.2/gems/capybara-3.38.0/lib/capybara/dsl.rb:52:in `click_link'
     # ./spec/system/04_favorite_comment_spec.rb:45:in `block (4 levels) in <main>'

  8) [STEP4] いいねとコメントのテスト 投稿一覧画面のテスト[課題4追加分] いいね削除機能のテスト 自分のいいねが正しく削除される
     Failure/Error: expect { click_link '', href: book_favorites_path(other_book) }.to change(user.favorites, :count).by(-1)

     Capybara::ElementNotFound:
       Unable to find link "" with href "/books/2/favorites"
     # /home/ec2-user/.rvm/gems/ruby-3.1.2/gems/capybara-3.38.0/lib/capybara/node/finders.rb:310:in `block in synced_resolve'
     # /home/ec2-user/.rvm/gems/ruby-3.1.2/gems/capybara-3.38.0/lib/capybara/node/base.rb:84:in `synchronize'
     # /home/ec2-user/.rvm/gems/ruby-3.1.2/gems/capybara-3.38.0/lib/capybara/node/finders.rb:299:in `synced_resolve'
     # /home/ec2-user/.rvm/gems/ruby-3.1.2/gems/capybara-3.38.0/lib/capybara/node/finders.rb:60:in `find'
     # /home/ec2-user/.rvm/gems/ruby-3.1.2/gems/capybara-3.38.0/lib/capybara/node/actions.rb:42:in `click_link'
     # /home/ec2-user/.rvm/gems/ruby-3.1.2/gems/capybara-3.38.0/lib/capybara/session.rb:773:in `click_link'
     # /home/ec2-user/.rvm/gems/ruby-3.1.2/gems/capybara-3.38.0/lib/capybara/dsl.rb:52:in `call'
     # /home/ec2-user/.rvm/gems/ruby-3.1.2/gems/capybara-3.38.0/lib/capybara/dsl.rb:52:in `click_link'
     # ./spec/system/04_favorite_comment_spec.rb:51:in `block (5 levels) in <main>'
     # ./spec/system/04_favorite_comment_spec.rb:51:in `block (4 levels) in <main>'

  9) [STEP4] いいねとコメントのテスト 投稿一覧画面のテスト[課題4追加分] いいね削除機能のテスト リダイレクト先が投稿一覧画面になっている
     Failure/Error: click_link '', href: book_favorites_path(other_book)

     Capybara::ElementNotFound:
       Unable to find link "" with href "/books/2/favorites"
     # /home/ec2-user/.rvm/gems/ruby-3.1.2/gems/capybara-3.38.0/lib/capybara/node/finders.rb:310:in `block in synced_resolve'
     # /home/ec2-user/.rvm/gems/ruby-3.1.2/gems/capybara-3.38.0/lib/capybara/node/base.rb:84:in `synchronize'
     # /home/ec2-user/.rvm/gems/ruby-3.1.2/gems/capybara-3.38.0/lib/capybara/node/finders.rb:299:in `synced_resolve'
     # /home/ec2-user/.rvm/gems/ruby-3.1.2/gems/capybara-3.38.0/lib/capybara/node/finders.rb:60:in `find'
     # /home/ec2-user/.rvm/gems/ruby-3.1.2/gems/capybara-3.38.0/lib/capybara/node/actions.rb:42:in `click_link'
     # /home/ec2-user/.rvm/gems/ruby-3.1.2/gems/capybara-3.38.0/lib/capybara/session.rb:773:in `click_link'
     # /home/ec2-user/.rvm/gems/ruby-3.1.2/gems/capybara-3.38.0/lib/capybara/dsl.rb:52:in `call'
     # /home/ec2-user/.rvm/gems/ruby-3.1.2/gems/capybara-3.38.0/lib/capybara/dsl.rb:52:in `click_link'
     # ./spec/system/04_favorite_comment_spec.rb:54:in `block (4 levels) in <main>'

  10) [STEP4] いいねとコメントのテスト 投稿一覧画面のテスト[課題4追加分] いいね削除機能のテスト リダイレクト先でいいね数が正しく更新されている
      Failure/Error: click_link '', href: book_favorites_path(other_book)

      Capybara::ElementNotFound:
        Unable to find link "" with href "/books/2/favorites"
      # /home/ec2-user/.rvm/gems/ruby-3.1.2/gems/capybara-3.38.0/lib/capybara/node/finders.rb:310:in `block in synced_resolve'
      # /home/ec2-user/.rvm/gems/ruby-3.1.2/gems/capybara-3.38.0/lib/capybara/node/base.rb:84:in `synchronize'
      # /home/ec2-user/.rvm/gems/ruby-3.1.2/gems/capybara-3.38.0/lib/capybara/node/finders.rb:299:in `synced_resolve'
      # /home/ec2-user/.rvm/gems/ruby-3.1.2/gems/capybara-3.38.0/lib/capybara/node/finders.rb:60:in `find'
      # /home/ec2-user/.rvm/gems/ruby-3.1.2/gems/capybara-3.38.0/lib/capybara/node/actions.rb:42:in `click_link'
      # /home/ec2-user/.rvm/gems/ruby-3.1.2/gems/capybara-3.38.0/lib/capybara/session.rb:773:in `click_link'
      # /home/ec2-user/.rvm/gems/ruby-3.1.2/gems/capybara-3.38.0/lib/capybara/dsl.rb:52:in `call'
      # /home/ec2-user/.rvm/gems/ruby-3.1.2/gems/capybara-3.38.0/lib/capybara/dsl.rb:52:in `click_link'
      # ./spec/system/04_favorite_comment_spec.rb:58:in `block (4 levels) in <main>'

  11) [STEP4] いいねとコメントのテスト 自分の投稿詳細画面のテスト[課題4追加分] 表示の確認 いいねボタンのハートアイコンが表示される
      Failure/Error: expect(page).to have_selector('.fa-heart')
        expected to find css ".fa-heart" but there were no matches
      # ./spec/system/04_favorite_comment_spec.rb:70:in `block (4 levels) in <main>'

  12) [STEP4] いいねとコメントのテスト 自分の投稿詳細画面のテスト[課題4追加分] 表示の確認 コメント一覧でコメント投稿者の画像が表示される: fallbackの画像がサイドバーの1つ＋Book detail直下の1つ＋コメント一覧(2人)の2つの計4つ存在する
      Failure/Error: expect(all('img').size).to eq(4)

        expected: 4
             got: 2

        (compared using ==)
      # ./spec/system/04_favorite_comment_spec.rb:79:in `block (4 levels) in <main>'

  13) [STEP4] いいねとコメントのテスト 自分の投稿詳細画面のテスト[課題4追加分] 表示の確認 コメント一覧でコメント投稿者の名前が表示される
      Failure/Error: expect(page).to have_content other_user.name
        expected to find text "rrr9wcmb3t" in "Bookers\nHome Users Books Log out\nUser info\nname 9lbo2ej8fg introduction 17k2ci5f33h1bxbnghvm\nNew book\nTitle\nOpinion\nBook detail\n9lbo2ej8fg\nt2b6k m9z4fhm30lrtf1x7fxqf ♡0 いいね コメント件数：2 Edit Destroy\nuser_id comment created_at 2 v2ny4gnvxm 2022/12/01 destroy 1 uhc1eprd1w 2022/12/01\nCopyRight Infratop.inc"
      # ./spec/system/04_favorite_comment_spec.rb:83:in `block (4 levels) in <main>'

  14) [STEP4] いいねとコメントのテスト 自分の投稿詳細画面のテスト[課題4追加分] 表示の確認 自分が投稿したコメントの削除ボタンが表示される
      Failure/Error: expect(page).to have_link 'Destroy', href: book_book_comment_path(book_id: book.id, id: user_book_comment.id)
        expected to find link "Destroy" with href "/books/1/book_comments/1" but there were no matches
      # ./spec/system/04_favorite_comment_spec.rb:90:in `block (4 levels) in <main>'

  15) [STEP4] いいねとコメントのテスト 自分の投稿詳細画面のテスト[課題4追加分] コメント追加機能のテスト リダイレクト先で新しいコメントが表示されている
      Failure/Error: expect(page).to have_link 'Destroy', href: book_book_comment_path(book_id: book.id, id: user.book_comments.last.id)
        expected to find link "Destroy" with href "/books/1/book_comments/3" but there were no matches
      # ./spec/system/04_favorite_comment_spec.rb:134:in `block (4 levels) in <main>'

  16) [STEP4] いいねとコメントのテスト 自分の投稿詳細画面のテスト[課題4追加分] コメント削除機能のテスト 自分のコメントが正しく削除される
      Failure/Error: expect { click_link 'Destroy', href: @destroy_link }.to change(user.book_comments, :count).by(-1)

      Capybara::ElementNotFound:
        Unable to find link "Destroy" with href "/books/1/book_comments/1"
      # /home/ec2-user/.rvm/gems/ruby-3.1.2/gems/capybara-3.38.0/lib/capybara/node/finders.rb:310:in `block in synced_resolve'
      # /home/ec2-user/.rvm/gems/ruby-3.1.2/gems/capybara-3.38.0/lib/capybara/node/base.rb:84:in `synchronize'
      # /home/ec2-user/.rvm/gems/ruby-3.1.2/gems/capybara-3.38.0/lib/capybara/node/finders.rb:299:in `synced_resolve'
      # /home/ec2-user/.rvm/gems/ruby-3.1.2/gems/capybara-3.38.0/lib/capybara/node/finders.rb:60:in `find'
      # /home/ec2-user/.rvm/gems/ruby-3.1.2/gems/capybara-3.38.0/lib/capybara/node/actions.rb:42:in `click_link'
      # /home/ec2-user/.rvm/gems/ruby-3.1.2/gems/capybara-3.38.0/lib/capybara/session.rb:773:in `click_link'
      # /home/ec2-user/.rvm/gems/ruby-3.1.2/gems/capybara-3.38.0/lib/capybara/dsl.rb:52:in `call'
      # /home/ec2-user/.rvm/gems/ruby-3.1.2/gems/capybara-3.38.0/lib/capybara/dsl.rb:52:in `click_link'
      # ./spec/system/04_favorite_comment_spec.rb:143:in `block (5 levels) in <main>'
      # ./spec/system/04_favorite_comment_spec.rb:143:in `block (4 levels) in <main>'

  17) [STEP4] いいねとコメントのテスト 自分の投稿詳細画面のテスト[課題4追加分] コメント削除機能のテスト リダイレクト先が、コメントをしていた投稿詳細画面になっている
      Failure/Error: click_link 'Destroy', href: @destroy_link

      Capybara::ElementNotFound:
        Unable to find link "Destroy" with href "/books/1/book_comments/1"
      # /home/ec2-user/.rvm/gems/ruby-3.1.2/gems/capybara-3.38.0/lib/capybara/node/finders.rb:310:in `block in synced_resolve'
      # /home/ec2-user/.rvm/gems/ruby-3.1.2/gems/capybara-3.38.0/lib/capybara/node/base.rb:84:in `synchronize'
      # /home/ec2-user/.rvm/gems/ruby-3.1.2/gems/capybara-3.38.0/lib/capybara/node/finders.rb:299:in `synced_resolve'
      # /home/ec2-user/.rvm/gems/ruby-3.1.2/gems/capybara-3.38.0/lib/capybara/node/finders.rb:60:in `find'
      # /home/ec2-user/.rvm/gems/ruby-3.1.2/gems/capybara-3.38.0/lib/capybara/node/actions.rb:42:in `click_link'
      # /home/ec2-user/.rvm/gems/ruby-3.1.2/gems/capybara-3.38.0/lib/capybara/session.rb:773:in `click_link'
      # /home/ec2-user/.rvm/gems/ruby-3.1.2/gems/capybara-3.38.0/lib/capybara/dsl.rb:52:in `call'
      # /home/ec2-user/.rvm/gems/ruby-3.1.2/gems/capybara-3.38.0/lib/capybara/dsl.rb:52:in `click_link'
      # ./spec/system/04_favorite_comment_spec.rb:146:in `block (4 levels) in <main>'

  18) [STEP4] いいねとコメントのテスト 自分の投稿詳細画面のテスト[課題4追加分] コメント削除機能のテスト リダイレクト先でコメント数が正しく更新されている
      Failure/Error: click_link 'Destroy', href: @destroy_link

      Capybara::ElementNotFound:
        Unable to find link "Destroy" with href "/books/1/book_comments/1"
      # /home/ec2-user/.rvm/gems/ruby-3.1.2/gems/capybara-3.38.0/lib/capybara/node/finders.rb:310:in `block in synced_resolve'
      # /home/ec2-user/.rvm/gems/ruby-3.1.2/gems/capybara-3.38.0/lib/capybara/node/base.rb:84:in `synchronize'
      # /home/ec2-user/.rvm/gems/ruby-3.1.2/gems/capybara-3.38.0/lib/capybara/node/finders.rb:299:in `synced_resolve'
      # /home/ec2-user/.rvm/gems/ruby-3.1.2/gems/capybara-3.38.0/lib/capybara/node/finders.rb:60:in `find'
      # /home/ec2-user/.rvm/gems/ruby-3.1.2/gems/capybara-3.38.0/lib/capybara/node/actions.rb:42:in `click_link'
      # /home/ec2-user/.rvm/gems/ruby-3.1.2/gems/capybara-3.38.0/lib/capybara/session.rb:773:in `click_link'
      # /home/ec2-user/.rvm/gems/ruby-3.1.2/gems/capybara-3.38.0/lib/capybara/dsl.rb:52:in `call'
      # /home/ec2-user/.rvm/gems/ruby-3.1.2/gems/capybara-3.38.0/lib/capybara/dsl.rb:52:in `click_link'
      # ./spec/system/04_favorite_comment_spec.rb:150:in `block (4 levels) in <main>'

  19) [STEP4] いいねとコメントのテスト 自分の投稿詳細画面のテスト[課題4追加分] コメント削除機能のテスト リダイレクト先で削除したコメントは表示されない
      Failure/Error: click_link 'Destroy', href: @destroy_link

      Capybara::ElementNotFound:
        Unable to find link "Destroy" with href "/books/1/book_comments/1"
      # /home/ec2-user/.rvm/gems/ruby-3.1.2/gems/capybara-3.38.0/lib/capybara/node/finders.rb:310:in `block in synced_resolve'
      # /home/ec2-user/.rvm/gems/ruby-3.1.2/gems/capybara-3.38.0/lib/capybara/node/base.rb:84:in `synchronize'
      # /home/ec2-user/.rvm/gems/ruby-3.1.2/gems/capybara-3.38.0/lib/capybara/node/finders.rb:299:in `synced_resolve'
      # /home/ec2-user/.rvm/gems/ruby-3.1.2/gems/capybara-3.38.0/lib/capybara/node/finders.rb:60:in `find'
      # /home/ec2-user/.rvm/gems/ruby-3.1.2/gems/capybara-3.38.0/lib/capybara/node/actions.rb:42:in `click_link'
      # /home/ec2-user/.rvm/gems/ruby-3.1.2/gems/capybara-3.38.0/lib/capybara/session.rb:773:in `click_link'
      # /home/ec2-user/.rvm/gems/ruby-3.1.2/gems/capybara-3.38.0/lib/capybara/dsl.rb:52:in `call'
      # /home/ec2-user/.rvm/gems/ruby-3.1.2/gems/capybara-3.38.0/lib/capybara/dsl.rb:52:in `click_link'
      # ./spec/system/04_favorite_comment_spec.rb:154:in `block (4 levels) in <main>'

  20) [STEP4] いいねとコメントのテスト 自分のユーザ詳細画面のテスト[課題4追加分] 表示の確認 いいねボタンのハートアイコンが表示される
      Failure/Error: expect(page).to have_selector('.fa-heart')
        expected to find css ".fa-heart" but there were no matches
      # ./spec/system/04_favorite_comment_spec.rb:166:in `block (4 levels) in <main>'

  21) [STEP4] いいねとコメントのテスト 自分のユーザ詳細画面のテスト[課題4追加分] 表示の確認 いいねボタンが表示される
      Failure/Error: expect(page).to have_link '', href: book_favorites_path(book)
        expected to find link "" with href "/books/1/favorites" but there were no matches
      # ./spec/system/04_favorite_comment_spec.rb:169:in `block (4 levels) in <main>'

  22) [STEP4] いいねとコメントのテスト 自分のユーザ詳細画面のテスト[課題4追加分] いいね作成機能のテスト 自分のいいねが正しく保存される
      Failure/Error: expect { click_link '', href: book_favorites_path(book) }.to change(user.favorites, :count).by(1)

      Capybara::ElementNotFound:
        Unable to find link "" with href "/books/1/favorites"
      # /home/ec2-user/.rvm/gems/ruby-3.1.2/gems/capybara-3.38.0/lib/capybara/node/finders.rb:310:in `block in synced_resolve'
      # /home/ec2-user/.rvm/gems/ruby-3.1.2/gems/capybara-3.38.0/lib/capybara/node/base.rb:84:in `synchronize'
      # /home/ec2-user/.rvm/gems/ruby-3.1.2/gems/capybara-3.38.0/lib/capybara/node/finders.rb:299:in `synced_resolve'
      # /home/ec2-user/.rvm/gems/ruby-3.1.2/gems/capybara-3.38.0/lib/capybara/node/finders.rb:60:in `find'
      # /home/ec2-user/.rvm/gems/ruby-3.1.2/gems/capybara-3.38.0/lib/capybara/node/actions.rb:42:in `click_link'
      # /home/ec2-user/.rvm/gems/ruby-3.1.2/gems/capybara-3.38.0/lib/capybara/session.rb:773:in `click_link'
      # /home/ec2-user/.rvm/gems/ruby-3.1.2/gems/capybara-3.38.0/lib/capybara/dsl.rb:52:in `call'
      # /home/ec2-user/.rvm/gems/ruby-3.1.2/gems/capybara-3.38.0/lib/capybara/dsl.rb:52:in `click_link'
      # ./spec/system/04_favorite_comment_spec.rb:177:in `block (5 levels) in <main>'
      # ./spec/system/04_favorite_comment_spec.rb:177:in `block (4 levels) in <main>'

  23) [STEP4] いいねとコメントのテスト 自分のユーザ詳細画面のテスト[課題4追加分] いいね作成機能のテスト リダイレクト先が自分のユーザ詳細画面になっている
      Failure/Error: click_link '', href: book_favorites_path(book)

      Capybara::ElementNotFound:
        Unable to find link "" with href "/books/1/favorites"
      # /home/ec2-user/.rvm/gems/ruby-3.1.2/gems/capybara-3.38.0/lib/capybara/node/finders.rb:310:in `block in synced_resolve'
      # /home/ec2-user/.rvm/gems/ruby-3.1.2/gems/capybara-3.38.0/lib/capybara/node/base.rb:84:in `synchronize'
      # /home/ec2-user/.rvm/gems/ruby-3.1.2/gems/capybara-3.38.0/lib/capybara/node/finders.rb:299:in `synced_resolve'
      # /home/ec2-user/.rvm/gems/ruby-3.1.2/gems/capybara-3.38.0/lib/capybara/node/finders.rb:60:in `find'
      # /home/ec2-user/.rvm/gems/ruby-3.1.2/gems/capybara-3.38.0/lib/capybara/node/actions.rb:42:in `click_link'
      # /home/ec2-user/.rvm/gems/ruby-3.1.2/gems/capybara-3.38.0/lib/capybara/session.rb:773:in `click_link'
      # /home/ec2-user/.rvm/gems/ruby-3.1.2/gems/capybara-3.38.0/lib/capybara/dsl.rb:52:in `call'
      # /home/ec2-user/.rvm/gems/ruby-3.1.2/gems/capybara-3.38.0/lib/capybara/dsl.rb:52:in `click_link'
      # ./spec/system/04_favorite_comment_spec.rb:180:in `block (4 levels) in <main>'

  24) [STEP4] いいねとコメントのテスト 自分のユーザ詳細画面のテスト[課題4追加分] いいね作成機能のテスト リダイレクト先でいいね数が正しく更新されている
      Failure/Error: click_link '', href: book_favorites_path(book)

      Capybara::ElementNotFound:
        Unable to find link "" with href "/books/1/favorites"
      # /home/ec2-user/.rvm/gems/ruby-3.1.2/gems/capybara-3.38.0/lib/capybara/node/finders.rb:310:in `block in synced_resolve'
      # /home/ec2-user/.rvm/gems/ruby-3.1.2/gems/capybara-3.38.0/lib/capybara/node/base.rb:84:in `synchronize'
      # /home/ec2-user/.rvm/gems/ruby-3.1.2/gems/capybara-3.38.0/lib/capybara/node/finders.rb:299:in `synced_resolve'
      # /home/ec2-user/.rvm/gems/ruby-3.1.2/gems/capybara-3.38.0/lib/capybara/node/finders.rb:60:in `find'
      # /home/ec2-user/.rvm/gems/ruby-3.1.2/gems/capybara-3.38.0/lib/capybara/node/actions.rb:42:in `click_link'
      # /home/ec2-user/.rvm/gems/ruby-3.1.2/gems/capybara-3.38.0/lib/capybara/session.rb:773:in `click_link'
      # /home/ec2-user/.rvm/gems/ruby-3.1.2/gems/capybara-3.38.0/lib/capybara/dsl.rb:52:in `call'
      # /home/ec2-user/.rvm/gems/ruby-3.1.2/gems/capybara-3.38.0/lib/capybara/dsl.rb:52:in `click_link'
      # ./spec/system/04_favorite_comment_spec.rb:184:in `block (4 levels) in <main>'

Finished in 25.79 seconds (files took 1.09 seconds to load)
239 examples, 24 failures

Failed examples:

rspec ./spec/models/favorite_spec.rb:12 # Favoriteモデルのテスト バリデーションのテスト ユーザーは一つの投稿に一つしかいいねできない
rspec ./spec/system/03_finishing_touches_spec.rb:228 # [STEP3] 仕上げのテスト 他人の画面のテスト 他人の投稿詳細画面のテスト 表示内容の確認 投稿のtitleが表示される
rspec ./spec/system/04_favorite_comment_spec.rb:24 # [STEP4] いいねとコメントのテスト 投稿一覧画面のテスト[課題4追加分] 表示の確認 いいねボタンのハートアイコンが表示される
rspec ./spec/system/04_favorite_comment_spec.rb:27 # [STEP4] いいねとコメントのテスト 投稿一覧画面のテスト[課題4追加分] 表示の確認 いいねボタンが表示される
rspec ./spec/system/04_favorite_comment_spec.rb:37 # [STEP4] いいねとコメントのテスト 投稿一覧画面のテスト[課題4追加分] いいね作成機能のテスト 自分のいいねが正しく保存される
rspec ./spec/system/04_favorite_comment_spec.rb:40 # [STEP4] いいねとコメントのテスト 投稿一覧画面のテスト[課題4追加分] いいね作成機能のテスト リダイレクト先が投稿一覧画面になっている
rspec ./spec/system/04_favorite_comment_spec.rb:44 # [STEP4] いいねとコメントのテスト 投稿一覧画面のテスト[課題4追加分] いいね作成機能のテスト リダイレクト先でいいね数が正しく更新されている
rspec ./spec/system/04_favorite_comment_spec.rb:50 # [STEP4] いいねとコメントのテスト 投稿一覧画面のテスト[課題4追加分] いいね削除機能のテスト 自分のいいねが正しく削除される
rspec ./spec/system/04_favorite_comment_spec.rb:53 # [STEP4] いいねとコメントのテスト 投稿一覧画面のテスト[課題4追加分] いいね削除機能のテスト リダイレクト先が投稿一覧画面になっている
rspec ./spec/system/04_favorite_comment_spec.rb:57 # [STEP4] いいねとコメントのテスト 投稿一覧画面のテスト[課題4追加分] いいね削除機能のテスト リダイレクト先でいいね数が正しく更新されている
rspec ./spec/system/04_favorite_comment_spec.rb:69 # [STEP4] いいねとコメントのテスト 自分の投稿詳細画面のテスト[課題4追加分] 表示の確認 いいねボタンのハートアイコンが表示される
rspec ./spec/system/04_favorite_comment_spec.rb:78 # [STEP4] いいねとコメントのテスト 自分の投稿詳細画面のテスト[課題4追加分] 表示の確認 コメント一覧でコメント投稿者の画像が表示される: fallbackの画像がサイドバーの1つ＋Book detail直下の1つ＋コメント一覧(2人)の2つの計4つ存在する
rspec ./spec/system/04_favorite_comment_spec.rb:81 # [STEP4] いいねとコメントのテスト 自分の投稿詳細画面のテスト[課題4追加分] 表示の確認 コメント一覧でコメント投稿者の名前が表示される
rspec ./spec/system/04_favorite_comment_spec.rb:89 # [STEP4] いいねとコメントのテスト 自分の投稿詳細画面のテスト[課題4追加分] 表示の確認 自分が投稿したコメントの削除ボタンが表示される
rspec ./spec/system/04_favorite_comment_spec.rb:131 # [STEP4] いいねとコメントのテスト 自分の投稿詳細画面のテスト[課題4追加分] コメント追加機能のテスト リダイレクト先で新しいコメントが表示されている
rspec ./spec/system/04_favorite_comment_spec.rb:142 # [STEP4] いいねとコメントのテスト 自分の投稿詳細画面のテスト[課題4追加分] コメント削除機能のテスト 自分のコメントが正しく削除される
rspec ./spec/system/04_favorite_comment_spec.rb:145 # [STEP4] いいねとコメントのテスト 自分の投稿詳細画面のテスト[課題4追加分] コメント削除機能のテスト リダイレクト先が、コメントをしていた投稿詳細画面になっている
rspec ./spec/system/04_favorite_comment_spec.rb:149 # [STEP4] いいねとコメントのテスト 自分の投稿詳細画面のテスト[課題4追加分] コメント削除機能のテスト リダイレクト先でコメント数が正しく更新されている
rspec ./spec/system/04_favorite_comment_spec.rb:153 # [STEP4] いいねとコメントのテスト 自分の投稿詳細画面のテスト[課題4追加分] コメント削除機能のテスト リダイレクト先で削除したコメントは表示されない
rspec ./spec/system/04_favorite_comment_spec.rb:165 # [STEP4] いいねとコメントのテスト 自分のユーザ詳細画面のテスト[課題4追加分] 表示の確認 いいねボタンのハートアイコンが表示される
rspec ./spec/system/04_favorite_comment_spec.rb:168 # [STEP4] いいねとコメントのテスト 自分のユーザ詳細画面のテスト[課題4追加分] 表示の確認 いいねボタンが表示される
rspec ./spec/system/04_favorite_comment_spec.rb:176 # [STEP4] いいねとコメントのテスト 自分のユーザ詳細画面のテスト[課題4追加分] いいね作成機能のテスト 自分のいいねが正しく保存される
rspec ./spec/system/04_favorite_comment_spec.rb:179 # [STEP4] いいねとコメントのテスト 自分のユーザ詳細画面のテスト[課題4追加分] いいね作成機能のテスト リダイレクト先が自分のユーザ詳細画面になっている
rspec ./spec/system/04_favorite_comment_spec.rb:183 # [STEP4] いいねとコメントのテスト 自分のユーザ詳細画面のテスト[課題4追加分] いいね作成機能のテスト リダイレクト先でいいね数が正しく更新されている

